1618063967.016667 client started (79102): version 3.0a, socket /tmp/tmux-1000/default, protocol 8
1618063967.016695 on Linux 5.8.0-43-generic #49~20.04.1-Ubuntu SMP Fri Feb 5 09:57:56 UTC 2021; libevent 2.1.11-stable (poll)
1618063967.016717 socket is /tmp/tmux-1000/default
1618063967.016730 trying connect
1618063967.016747 connect failed: Connection refused
1618063967.016758 lock file is /tmp/tmux-1000/default.lock
1618063967.016788 flock succeeded
1618063967.016794 got lock (6)
1618063967.016801 trying connect
1618063967.016810 connect failed: Connection refused
1618063967.017007 add peer 0x560a43d1e4f0: 7 ((nil))
1618063967.017155 sending message 100 to peer 0x560a43d1e4f0 (4 bytes)
1618063967.017164 sending message 101 to peer 0x560a43d1e4f0 (15 bytes)
1618063967.017169 sending message 102 to peer 0x560a43d1e4f0 (11 bytes)
1618063967.017174 sending message 108 to peer 0x560a43d1e4f0 (39 bytes)
1618063967.017180 sending message 104 to peer 0x560a43d1e4f0 (0 bytes)
1618063967.017186 sending message 107 to peer 0x560a43d1e4f0 (4 bytes)
1618063967.017190 sending message 105 to peer 0x560a43d1e4f0 (41 bytes)
1618063967.017195 sending message 105 to peer 0x560a43d1e4f0 (84 bytes)
1618063967.017200 sending message 105 to peer 0x560a43d1e4f0 (86 bytes)
1618063967.017216 sending message 105 to peer 0x560a43d1e4f0 (19 bytes)
1618063967.017220 sending message 105 to peer 0x560a43d1e4f0 (33 bytes)
1618063967.017225 sending message 105 to peer 0x560a43d1e4f0 (17 bytes)
1618063967.017230 sending message 105 to peer 0x560a43d1e4f0 (24 bytes)
1618063967.017235 sending message 105 to peer 0x560a43d1e4f0 (18 bytes)
1618063967.017240 sending message 105 to peer 0x560a43d1e4f0 (20 bytes)
1618063967.017245 sending message 105 to peer 0x560a43d1e4f0 (18 bytes)
1618063967.017249 sending message 105 to peer 0x560a43d1e4f0 (52 bytes)
1618063967.017254 sending message 105 to peer 0x560a43d1e4f0 (23 bytes)
1618063967.017258 sending message 105 to peer 0x560a43d1e4f0 (12 bytes)
1618063967.017263 sending message 105 to peer 0x560a43d1e4f0 (23 bytes)
1618063967.017268 sending message 105 to peer 0x560a43d1e4f0 (21 bytes)
1618063967.017272 sending message 105 to peer 0x560a43d1e4f0 (43 bytes)
1618063967.017277 sending message 105 to peer 0x560a43d1e4f0 (18 bytes)
1618063967.017282 sending message 105 to peer 0x560a43d1e4f0 (54 bytes)
1618063967.017287 sending message 105 to peer 0x560a43d1e4f0 (17 bytes)
1618063967.017301 sending message 105 to peer 0x560a43d1e4f0 (28 bytes)
1618063967.017307 sending message 105 to peer 0x560a43d1e4f0 (16 bytes)
1618063967.017312 sending message 105 to peer 0x560a43d1e4f0 (13 bytes)
1618063967.017317 sending message 105 to peer 0x560a43d1e4f0 (27 bytes)
1618063967.017322 sending message 105 to peer 0x560a43d1e4f0 (24 bytes)
1618063967.017327 sending message 105 to peer 0x560a43d1e4f0 (19 bytes)
1618063967.017332 sending message 105 to peer 0x560a43d1e4f0 (85 bytes)
1618063967.017337 sending message 105 to peer 0x560a43d1e4f0 (16 bytes)
1618063967.017342 sending message 105 to peer 0x560a43d1e4f0 (14 bytes)
1618063967.017346 sending message 105 to peer 0x560a43d1e4f0 (44 bytes)
1618063967.017351 sending message 105 to peer 0x560a43d1e4f0 (15 bytes)
1618063967.017356 sending message 105 to peer 0x560a43d1e4f0 (29 bytes)
1618063967.017361 sending message 105 to peer 0x560a43d1e4f0 (15 bytes)
1618063967.017366 sending message 105 to peer 0x560a43d1e4f0 (126 bytes)
1618063967.017371 sending message 105 to peer 0x560a43d1e4f0 (31 bytes)
1618063967.017375 sending message 105 to peer 0x560a43d1e4f0 (20 bytes)
1618063967.017380 sending message 105 to peer 0x560a43d1e4f0 (45 bytes)
1618063967.017385 sending message 105 to peer 0x560a43d1e4f0 (21 bytes)
1618063967.017390 sending message 105 to peer 0x560a43d1e4f0 (18 bytes)
1618063967.017395 sending message 105 to peer 0x560a43d1e4f0 (32 bytes)
1618063967.017400 sending message 105 to peer 0x560a43d1e4f0 (19 bytes)
1618063967.017405 sending message 105 to peer 0x560a43d1e4f0 (16 bytes)
1618063967.017410 sending message 105 to peer 0x560a43d1e4f0 (15 bytes)
1618063967.017415 sending message 105 to peer 0x560a43d1e4f0 (17 bytes)
1618063967.017427 sending message 105 to peer 0x560a43d1e4f0 (47 bytes)
1618063967.017432 sending message 105 to peer 0x560a43d1e4f0 (8 bytes)
1618063967.017437 sending message 105 to peer 0x560a43d1e4f0 (22 bytes)
1618063967.017442 sending message 105 to peer 0x560a43d1e4f0 (41 bytes)
1618063967.017447 sending message 105 to peer 0x560a43d1e4f0 (14 bytes)
1618063967.017452 sending message 105 to peer 0x560a43d1e4f0 (23 bytes)
1618063967.017457 sending message 105 to peer 0x560a43d1e4f0 (20 bytes)
1618063967.017462 sending message 105 to peer 0x560a43d1e4f0 (17 bytes)
1618063967.017467 sending message 105 to peer 0x560a43d1e4f0 (11 bytes)
1618063967.017472 sending message 105 to peer 0x560a43d1e4f0 (18 bytes)
1618063967.017477 sending message 105 to peer 0x560a43d1e4f0 (39 bytes)
1618063967.017482 sending message 105 to peer 0x560a43d1e4f0 (28 bytes)
1618063967.017487 sending message 105 to peer 0x560a43d1e4f0 (11 bytes)
1618063967.017491 sending message 105 to peer 0x560a43d1e4f0 (8 bytes)
1618063967.017496 sending message 105 to peer 0x560a43d1e4f0 (32 bytes)
1618063967.017501 sending message 105 to peer 0x560a43d1e4f0 (1506 bytes)
1618063967.017509 sending message 105 to peer 0x560a43d1e4f0 (11 bytes)
1618063967.017515 sending message 105 to peer 0x560a43d1e4f0 (11 bytes)
1618063967.017520 sending message 105 to peer 0x560a43d1e4f0 (19 bytes)
1618063967.017525 sending message 105 to peer 0x560a43d1e4f0 (19 bytes)
1618063967.017529 sending message 105 to peer 0x560a43d1e4f0 (23 bytes)
1618063967.017534 sending message 105 to peer 0x560a43d1e4f0 (37 bytes)
1618063967.017540 sending message 106 to peer 0x560a43d1e4f0 (0 bytes)
1618063967.017545 sending message 200 to peer 0x560a43d1e4f0 (4 bytes)
1618063967.017550 client loop enter
1618063967.499864 peer 0x560a43d1e4f0 message 207
1618063967.499922 sending message 208 to peer 0x560a43d1e4f0 (0 bytes)
1618063968.850427 peer 0x560a43d1e4f0 message 203
1618063968.850444 sending message 205 to peer 0x560a43d1e4f0 (0 bytes)
1618063968.850829 peer 0x560a43d1e4f0 message 204
1618063968.850843 client loop exit
